Read temp\content0.l - 4.54 % of link data. at Wed Jun  2 21:52:57 2021
Read temp\content1.l - 9.09 % of link data. at Wed Jun  2 21:52:58 2021
Read temp\content10.l - 13.6 % of link data. at Wed Jun  2 21:52:59 2021
Read temp\content11.l - 18.1 % of link data. at Wed Jun  2 21:53:00 2021
Read temp\content12.l - 22.7 % of link data. at Wed Jun  2 21:53:01 2021
Read temp\content13.l - 27.2 % of link data. at Wed Jun  2 21:53:01 2021
Read temp\content14.l - 31.8 % of link data. at Wed Jun  2 21:53:02 2021
Read temp\content15.l - 36.3 % of link data. at Wed Jun  2 21:53:03 2021
Read temp\content16.l - 40.9 % of link data. at Wed Jun  2 21:53:03 2021
Read temp\content17.l - 45.4 % of link data. at Wed Jun  2 21:53:04 2021
Read temp\content18.l - 50.0 % of link data. at Wed Jun  2 21:53:04 2021
Read temp\content19.l - 54.5 % of link data. at Wed Jun  2 21:53:05 2021
Read temp\content2.l - 59.0 % of link data. at Wed Jun  2 21:53:05 2021
Read temp\content20.l - 63.6 % of link data. at Wed Jun  2 21:53:06 2021
Read temp\content21.l - 68.1 % of link data. at Wed Jun  2 21:53:06 2021
Read temp\content3.l - 72.7 % of link data. at Wed Jun  2 21:53:06 2021
Read temp\content4.l - 77.2 % of link data. at Wed Jun  2 21:53:07 2021
Read temp\content5.l - 81.8 % of link data. at Wed Jun  2 21:53:08 2021
Read temp\content6.l - 86.3 % of link data. at Wed Jun  2 21:53:08 2021
Read temp\content7.l - 90.9 % of link data. at Wed Jun  2 21:53:09 2021
Read temp\content8.l - 95.4 % of link data. at Wed Jun  2 21:53:10 2021
Read temp\content9.l - 100. % of link data. at Wed Jun  2 21:53:11 2021
Chunk finished - updating content files at Wed Jun  2 21:53:11 2021
Links done - saving index files at Wed Jun  2 21:54:03 2021
Wrapping up. at Wed Jun  2 21:54:15 2021
